  AppClass.cpp
c:\github\dsa2shepherd\00_sandbox\appclass.cpp(5): warning C4244: 'argument': conversion from 'time_t' to 'unsigned int', possible loss of data
  AppClassControls.cpp
  AppClassGUI.cpp
  AppClassMain.cpp
  Main.cpp
  Generating Code...
  00_Sandbox.vcxproj -> C:\Github\dsa2shepherd\Z_DELETE\ShepherdGame_d.exe
  Copying Shaders...
  C:\Github\dsa2shepherd\include\Simplex\Shaders\Basic-Instanced.vs
  C:\Github\dsa2shepherd\include\Simplex\Shaders\Basic.fs
  C:\Github\dsa2shepherd\include\Simplex\Shaders\Basic.vs
  C:\Github\dsa2shepherd\include\Simplex\Shaders\BasicColor.fs
  C:\Github\dsa2shepherd\include\Simplex\Shaders\BasicColor.vs
  C:\Github\dsa2shepherd\include\Simplex\Shaders\Line.fs
  C:\Github\dsa2shepherd\include\Simplex\Shaders\Line.vs
  C:\Github\dsa2shepherd\include\Simplex\Shaders\Minimal.fs
  C:\Github\dsa2shepherd\include\Simplex\Shaders\Minimal.vs
  C:\Github\dsa2shepherd\include\Simplex\Shaders\MinimalRed.fs
  C:\Github\dsa2shepherd\include\Simplex\Shaders\Simplex.fs
  C:\Github\dsa2shepherd\include\Simplex\Shaders\Simplex.vs
  C:\Github\dsa2shepherd\include\Simplex\Shaders\Skybox.fs
  C:\Github\dsa2shepherd\include\Simplex\Shaders\Skybox.vs
  C:\Github\dsa2shepherd\include\Simplex\Shaders\Text.fs
  C:\Github\dsa2shepherd\include\Simplex\Shaders\Text.vs
  C:\Github\dsa2shepherd\include\Simplex\Shaders\Wireframe.fs
  17 File(s) copied
